<?xml version="1.0" encoding="utf-8"?><testsuites name="pytest tests"><testsuite name="pytest" errors="0" failures="0" skipped="0" tests="11" time="8.512" timestamp="2026-04-30T02:10:34.373587+00:00" hostname="agent-env-5657e109-f9b9-49df-b1d5-1eec75c19243"><testcase classname="backend.tests.test_backend_api" name="test_root_ok" time="0.973" /><testcase classname="backend.tests.test_backend_api" name="test_create_order_persistence" time="0.406" /><testcase classname="backend.tests.test_backend_api" name="test_create_order_empty_cart_rejected" time="0.062" /><testcase classname="backend.tests.test_backend_api" name="test_list_orders_sorted_desc" time="0.204" /><testcase classname="backend.tests.test_backend_api" name="test_get_order_unknown_returns_404" time="0.161" /><testcase classname="backend.tests.test_backend_api" name="test_patch_order_status_transitions" time="0.702" /><testcase classname="backend.tests.test_backend_api" name="test_patch_order_invalid_status" time="0.059" /><testcase classname="backend.tests.test_backend_api" name="test_patch_order_unknown_id" time="0.069" /><testcase classname="backend.tests.test_backend_api" name="test_contact_create_valid" time="0.393" /><testcase classname="backend.tests.test_backend_api" name="test_contact_create_invalid_email" time="0.062" /><testcase classname="backend.tests.test_backend_api" name="test_contact_list" time="0.186" /></testsuite></testsuites>