<?xml version="1.0" encoding="utf-8"?><testsuites name="pytest tests"><testsuite name="pytest" errors="0" failures="0" skipped="0" tests="11" time="4.657" timestamp="2026-05-01T12:36:49.751141+00:00" hostname="agent-env-487771da-319f-4f99-8408-6f6b757be5cd"><testcase classname="backend.tests.test_backend_api" name="test_root_ok" time="0.579" /><testcase classname="backend.tests.test_backend_api" name="test_create_order_persistence" time="0.273" /><testcase classname="backend.tests.test_backend_api" name="test_create_order_empty_cart_rejected" time="0.071" /><testcase classname="backend.tests.test_backend_api" name="test_list_orders_sorted_desc" time="0.063" /><testcase classname="backend.tests.test_backend_api" name="test_get_order_unknown_returns_404" time="0.056" /><testcase classname="backend.tests.test_backend_api" name="test_patch_order_status_transitions" time="0.385" /><testcase classname="backend.tests.test_backend_api" name="test_patch_order_invalid_status" time="0.066" /><testcase classname="backend.tests.test_backend_api" name="test_patch_order_unknown_id" time="0.071" /><testcase classname="backend.tests.test_backend_api" name="test_contact_create_valid" time="0.313" /><testcase classname="backend.tests.test_backend_api" name="test_contact_create_invalid_email" time="0.058" /><testcase classname="backend.tests.test_backend_api" name="test_contact_list" time="0.058" /></testsuite></testsuites>